<?xml version="1.0" encoding="UTF-8"?>
<!-- Generated by org.testng.reporters.JUnitReportReporter -->
<testsuite hostname="AishwaryaShinde" failures="0" tests="3" name="org.cucumber.runner.Runner" time="23.100" errors="0" timestamp="2026-05-22T07:45:02 IST" skipped="0">
  <testcase classname="org.cucumber.runner.Runner" name="runScenario" time="11.638"/>
  <testcase classname="org.cucumber.runner.Runner" name="runScenario" time="3.192"/>
  <testcase classname="org.cucumber.runner.Runner" name="runScenario" time="8.270"/>
</testsuite> <!-- org.cucumber.runner.Runner -->
